{"C:\\Users\\Yash\\OneDrive\\Desktop\\Cravory\\API file\\menuItems.js": {"path":"C:\\Users\\Yash\\OneDrive\\Desktop\\Cravory\\API file\\menuItems.js","statementMap":{"0":{"start":{"line":1,"column":18},"end":{"line":205,"column":1}}},"fnMap":{},"branchMap":{},"s":{"0":1},"f":{},"b":{},"_coverageSchema":"1a1c01bbd47fc00a2c39e90264f33305004495a9","hash":"6550916b9b687e22e2d779469cc88a339405e024"}
,"C:\\Users\\Yash\\OneDrive\\Desktop\\Cravory\\API file\\restList.js": {"path":"C:\\Users\\Yash\\OneDrive\\Desktop\\Cravory\\API file\\restList.js","statementMap":{"0":{"start":{"line":1,"column":16},"end":{"line":205,"column":1}}},"fnMap":{},"branchMap":{},"s":{"0":1},"f":{},"b":{},"_coverageSchema":"1a1c01bbd47fc00a2c39e90264f33305004495a9","hash":"84992380e6b338da2c6ea9dbd5afe1245fb7ebaa"}
,"C:\\Users\\Yash\\OneDrive\\Desktop\\Cravory\\API file\\shuffledResList.js": {"path":"C:\\Users\\Yash\\OneDrive\\Desktop\\Cravory\\API file\\shuffledResList.js","statementMap":{"0":{"start":{"line":1,"column":24},"end":{"line":206,"column":1}}},"fnMap":{},"branchMap":{},"s":{"0":1},"f":{},"b":{},"_coverageSchema":"1a1c01bbd47fc00a2c39e90264f33305004495a9","hash":"ee64a6ab570d922a10fb16af594514a67c12291b"}
,"C:\\Users\\Yash\\OneDrive\\Desktop\\Cravory\\not nedd\\allmenu.js": {"path":"C:\\Users\\Yash\\OneDrive\\Desktop\\Cravory\\not nedd\\allmenu.js","statementMap":{"0":{"start":{"line":1,"column":21},"end":{"line":317,"column":1}}},"fnMap":{},"branchMap":{},"s":{"0":1},"f":{},"b":{},"_coverageSchema":"1a1c01bbd47fc00a2c39e90264f33305004495a9","hash":"974eb05f929c10cf22dd1f5f3bf1b503a74c2013"}
,"C:\\Users\\Yash\\OneDrive\\Desktop\\Cravory\\src\\components\\About.jsx": {"path":"C:\\Users\\Yash\\OneDrive\\Desktop\\Cravory\\src\\components\\About.jsx","statementMap":{"0":{"start":{"line":5,"column":14},"end":{"line":14,"column":1}},"1":{"start":{"line":6,"column":2},"end":{"line":13,"column":3}}},"fnMap":{"0":{"name":"(anonymous_0)","decl":{"start":{"line":5,"column":14},"end":{"line":5,"column":15}},"loc":{"start":{"line":5,"column":20},"end":{"line":14,"column":1}},"line":5}},"branchMap":{},"s":{"0":2,"1":0},"f":{"0":0},"b":{},"_coverageSchema":"1a1c01bbd47fc00a2c39e90264f33305004495a9","hash":"238a846f686686cf36438e8c04b3d67102fb4f0d"}
,"C:\\Users\\Yash\\OneDrive\\Desktop\\Cravory\\src\\components\\Body.jsx": {"path":"C:\\Users\\Yash\\OneDrive\\Desktop\\Cravory\\src\\components\\Body.jsx","statementMap":{"0":{"start":{"line":11,"column":13},"end":{"line":168,"column":1}},"1":{"start":{"line":13,"column":40},"end":{"line":13,"column":52}},"2":{"start":{"line":16,"column":38},"end":{"line":16,"column":50}},"3":{"start":{"line":19,"column":56},"end":{"line":19,"column":68}},"4":{"start":{"line":22,"column":33},"end":{"line":22,"column":66}},"5":{"start":{"line":25,"column":2},"end":{"line":34,"column":9}},"6":{"start":{"line":26,"column":18},"end":{"line":30,"column":12}},"7":{"start":{"line":28,"column":6},"end":{"line":28,"column":38}},"8":{"start":{"line":29,"column":6},"end":{"line":29,"column":46}},"9":{"start":{"line":33,"column":4},"end":{"line":33,"column":37}},"10":{"start":{"line":33,"column":17},"end":{"line":33,"column":36}},"11":{"start":{"line":38,"column":23},"end":{"line":38,"column":40}},"12":{"start":{"line":40,"column":2},"end":{"line":56,"column":6}},"13":{"start":{"line":41,"column":4},"end":{"line":56,"column":6}},"14":{"start":{"line":58,"column":41},"end":{"line":58,"column":64}},"15":{"start":{"line":60,"column":2},"end":{"line":62,"column":3}},"16":{"start":{"line":61,"column":4},"end":{"line":61,"column":23}},"17":{"start":{"line":64,"column":2},"end":{"line":167,"column":4}},"18":{"start":{"line":76,"column":29},"end":{"line":76,"column":58}},"19":{"start":{"line":82,"column":34},"end":{"line":86,"column":15}},"20":{"start":{"line":84,"column":18},"end":{"line":85,"column":75}},"21":{"start":{"line":87,"column":14},"end":{"line":87,"column":50}},"22":{"start":{"line":99,"column":37},"end":{"line":99,"column":74}},"23":{"start":{"line":99,"column":61},"end":{"line":99,"column":73}},"24":{"start":{"line":100,"column":16},"end":{"line":100,"column":45}},"25":{"start":{"line":101,"column":16},"end":{"line":101,"column":53}},"26":{"start":{"line":113,"column":29},"end":{"line":113,"column":56}},"27":{"start":{"line":126,"column":10},"end":{"line":163,"column":17}}},"fnMap":{"0":{"name":"(anonymous_0)","decl":{"start":{"line":11,"column":13},"end":{"line":11,"column":14}},"loc":{"start":{"line":11,"column":19},"end":{"line":168,"column":1}},"line":11},"1":{"name":"(anonymous_1)","decl":{"start":{"line":25,"column":12},"end":{"line":25,"column":13}},"loc":{"start":{"line":25,"column":18},"end":{"line":34,"column":3}},"line":25},"2":{"name":"(anonymous_2)","decl":{"start":{"line":26,"column":29},"end":{"line":26,"column":30}},"loc":{"start":{"line":26,"column":35},"end":{"line":30,"column":5}},"line":26},"3":{"name":"(anonymous_3)","decl":{"start":{"line":33,"column":11},"end":{"line":33,"column":12}},"loc":{"start":{"line":33,"column":17},"end":{"line":33,"column":36}},"line":33},"4":{"name":"(anonymous_4)","decl":{"start":{"line":76,"column":22},"end":{"line":76,"column":23}},"loc":{"start":{"line":76,"column":29},"end":{"line":76,"column":58}},"line":76},"5":{"name":"(anonymous_5)","decl":{"start":{"line":80,"column":21},"end":{"line":80,"column":22}},"loc":{"start":{"line":80,"column":27},"end":{"line":88,"column":13}},"line":80},"6":{"name":"(anonymous_6)","decl":{"start":{"line":83,"column":16},"end":{"line":83,"column":17}},"loc":{"start":{"line":84,"column":18},"end":{"line":85,"column":75}},"line":84},"7":{"name":"(anonymous_7)","decl":{"start":{"line":97,"column":23},"end":{"line":97,"column":24}},"loc":{"start":{"line":97,"column":29},"end":{"line":102,"column":15}},"line":97},"8":{"name":"(anonymous_8)","decl":{"start":{"line":99,"column":52},"end":{"line":99,"column":53}},"loc":{"start":{"line":99,"column":61},"end":{"line":99,"column":73}},"line":99},"9":{"name":"(anonymous_9)","decl":{"start":{"line":113,"column":22},"end":{"line":113,"column":23}},"loc":{"start":{"line":113,"column":29},"end":{"line":113,"column":56}},"line":113},"10":{"name":"(anonymous_10)","decl":{"start":{"line":125,"column":33},"end":{"line":125,"column":34}},"loc":{"start":{"line":126,"column":10},"end":{"line":163,"column":17}},"line":126}},"branchMap":{"0":{"loc":{"start":{"line":40,"column":2},"end":{"line":56,"column":6}},"type":"if","locations":[{"start":{"line":40,"column":2},"end":{"line":56,"column":6}},{"start":{},"end":{}}],"line":40},"1":{"loc":{"start":{"line":60,"column":2},"end":{"line":62,"column":3}},"type":"if","locations":[{"start":{"line":60,"column":2},"end":{"line":62,"column":3}},{"start":{},"end":{}}],"line":60},"2":{"loc":{"start":{"line":84,"column":18},"end":{"line":85,"column":75}},"type":"binary-expr","locations":[{"start":{"line":84,"column":18},"end":{"line":84,"column":26}},{"start":{"line":85,"column":18},"end":{"line":85,"column":75}}],"line":84},"3":{"loc":{"start":{"line":129,"column":13},"end":{"line":155,"column":15}},"type":"cond-expr","locations":[{"start":{"line":129,"column":30},"end":{"line":141,"column":14}},{"start":{"line":143,"column":15},"end":{"line":155,"column":14}}],"line":129},"4":{"loc":{"start":{"line":133,"column":16},"end":{"line":135,"column":31}},"type":"cond-expr","locations":[{"start":{"line":134,"column":20},"end":{"line":134,"column":42}},{"start":{"line":135,"column":20},"end":{"line":135,"column":31}}],"line":133},"5":{"loc":{"start":{"line":147,"column":16},"end":{"line":149,"column":31}},"type":"cond-expr","locations":[{"start":{"line":148,"column":20},"end":{"line":148,"column":42}},{"start":{"line":149,"column":20},"end":{"line":149,"column":31}}],"line":147}},"s":{"0":1,"1":1,"2":1,"3":1,"4":1,"5":1,"6":1,"7":0,"8":0,"9":1,"10":1,"11":1,"12":1,"13":0,"14":1,"15":1,"16":1,"17":0,"18":0,"19":0,"20":0,"21":0,"22":0,"23":0,"24":0,"25":0,"26":0,"27":0},"f":{"0":1,"1":1,"2":0,"3":1,"4":0,"5":0,"6":0,"7":0,"8":0,"9":0,"10":0},"b":{"0":[0,1],"1":[1,0],"2":[0,0],"3":[0,0],"4":[0,0],"5":[0,0]},"_coverageSchema":"1a1c01bbd47fc00a2c39e90264f33305004495a9","hash":"31238ea6831c8b05c06550ed2799d551439bcd75"}
,"C:\\Users\\Yash\\OneDrive\\Desktop\\Cravory\\src\\components\\Cart.jsx": {"path":"C:\\Users\\Yash\\OneDrive\\Desktop\\Cravory\\src\\components\\Cart.jsx","statementMap":{"0":{"start":{"line":5,"column":13},"end":{"line":53,"column":1}},"1":{"start":{"line":6,"column":20},"end":{"line":6,"column":60}},"2":{"start":{"line":6,"column":43},"end":{"line":6,"column":59}},"3":{"start":{"line":8,"column":19},"end":{"line":8,"column":32}},"4":{"start":{"line":10,"column":26},"end":{"line":12,"column":3}},"5":{"start":{"line":11,"column":4},"end":{"line":11,"column":26}},"6":{"start":{"line":14,"column":2},"end":{"line":52,"column":4}},"7":{"start":{"line":34,"column":12},"end":{"line":47,"column":18}}},"fnMap":{"0":{"name":"(anonymous_0)","decl":{"start":{"line":5,"column":13},"end":{"line":5,"column":14}},"loc":{"start":{"line":5,"column":19},"end":{"line":53,"column":1}},"line":5},"1":{"name":"(anonymous_1)","decl":{"start":{"line":6,"column":32},"end":{"line":6,"column":33}},"loc":{"start":{"line":6,"column":43},"end":{"line":6,"column":59}},"line":6},"2":{"name":"(anonymous_2)","decl":{"start":{"line":10,"column":26},"end":{"line":10,"column":27}},"loc":{"start":{"line":10,"column":32},"end":{"line":12,"column":3}},"line":10},"3":{"name":"(anonymous_3)","decl":{"start":{"line":33,"column":25},"end":{"line":33,"column":26}},"loc":{"start":{"line":34,"column":12},"end":{"line":47,"column":18}},"line":34}},"branchMap":{"0":{"loc":{"start":{"line":27,"column":7},"end":{"line":50,"column":7}},"type":"cond-expr","locations":[{"start":{"line":28,"column":8},"end":{"line":30,"column":12}},{"start":{"line":32,"column":8},"end":{"line":49,"column":14}}],"line":27},"1":{"loc":{"start":{"line":35,"column":19},"end":{"line":35,"column":43}},"type":"binary-expr","locations":[{"start":{"line":35,"column":19},"end":{"line":35,"column":26}},{"start":{"line":35,"column":30},"end":{"line":35,"column":43}}],"line":35}},"s":{"0":1,"1":3,"2":6,"3":3,"4":3,"5":0,"6":3,"7":3},"f":{"0":3,"1":6,"2":0,"3":3},"b":{"0":[1,2],"1":[3,3]},"_coverageSchema":"1a1c01bbd47fc00a2c39e90264f33305004495a9","hash":"5c61d537ace143ed617e8b92022f29e610ed9df6"}
,"C:\\Users\\Yash\\OneDrive\\Desktop\\Cravory\\src\\components\\Contact.jsx": {"path":"C:\\Users\\Yash\\OneDrive\\Desktop\\Cravory\\src\\components\\Contact.jsx","statementMap":{"0":{"start":{"line":1,"column":16},"end":{"line":23,"column":1}},"1":{"start":{"line":2,"column":2},"end":{"line":22,"column":4}}},"fnMap":{"0":{"name":"(anonymous_0)","decl":{"start":{"line":1,"column":16},"end":{"line":1,"column":17}},"loc":{"start":{"line":1,"column":22},"end":{"line":23,"column":1}},"line":1}},"branchMap":{},"s":{"0":1,"1":2},"f":{"0":2},"b":{},"_coverageSchema":"1a1c01bbd47fc00a2c39e90264f33305004495a9","hash":"8cdc555bc72e0218f67b61a7ba3d767197ba995f"}
,"C:\\Users\\Yash\\OneDrive\\Desktop\\Cravory\\src\\components\\Header.jsx": {"path":"C:\\Users\\Yash\\OneDrive\\Desktop\\Cravory\\src\\components\\Header.jsx","statementMap":{"0":{"start":{"line":9,"column":15},"end":{"line":60,"column":1}},"1":{"start":{"line":10,"column":32},"end":{"line":10,"column":49}},"2":{"start":{"line":11,"column":23},"end":{"line":11,"column":40}},"3":{"start":{"line":12,"column":20},"end":{"line":12,"column":60}},"4":{"start":{"line":12,"column":43},"end":{"line":12,"column":59}},"5":{"start":{"line":14,"column":25},"end":{"line":14,"column":48}},"6":{"start":{"line":16,"column":2},"end":{"line":59,"column":4}},"7":{"start":{"line":50,"column":14},"end":{"line":50,"column":67}}},"fnMap":{"0":{"name":"(anonymous_0)","decl":{"start":{"line":9,"column":15},"end":{"line":9,"column":16}},"loc":{"start":{"line":9,"column":21},"end":{"line":60,"column":1}},"line":9},"1":{"name":"(anonymous_1)","decl":{"start":{"line":12,"column":32},"end":{"line":12,"column":33}},"loc":{"start":{"line":12,"column":43},"end":{"line":12,"column":59}},"line":12},"2":{"name":"(anonymous_2)","decl":{"start":{"line":49,"column":21},"end":{"line":49,"column":22}},"loc":{"start":{"line":49,"column":27},"end":{"line":51,"column":13}},"line":49}},"branchMap":{"0":{"loc":{"start":{"line":30,"column":28},"end":{"line":30,"column":52}},"type":"cond-expr","locations":[{"start":{"line":30,"column":43},"end":{"line":30,"column":46}},{"start":{"line":30,"column":49},"end":{"line":30,"column":52}}],"line":30},"1":{"loc":{"start":{"line":50,"column":25},"end":{"line":50,"column":65}},"type":"cond-expr","locations":[{"start":{"line":50,"column":47},"end":{"line":50,"column":55}},{"start":{"line":50,"column":58},"end":{"line":50,"column":65}}],"line":50}},"s":{"0":2,"1":8,"2":8,"3":8,"4":15,"5":8,"6":8,"7":1},"f":{"0":8,"1":15,"2":1},"b":{"0":[8,0],"1":[1,0]},"_coverageSchema":"1a1c01bbd47fc00a2c39e90264f33305004495a9","hash":"d188d16dce19030b848819bcf73e06d6f11ead95"}
,"C:\\Users\\Yash\\OneDrive\\Desktop\\Cravory\\src\\components\\RestaurantCard.jsx": {"path":"C:\\Users\\Yash\\OneDrive\\Desktop\\Cravory\\src\\components\\RestaurantCard.jsx","statementMap":{"0":{"start":{"line":1,"column":23},"end":{"line":22,"column":1}},"1":{"start":{"line":2,"column":16},"end":{"line":4,"column":3}},"2":{"start":{"line":6,"column":2},"end":{"line":21,"column":4}},"3":{"start":{"line":27,"column":34},"end":{"line":38,"column":1}},"4":{"start":{"line":28,"column":2},"end":{"line":37,"column":3}},"5":{"start":{"line":29,"column":4},"end":{"line":35,"column":5}}},"fnMap":{"0":{"name":"(anonymous_0)","decl":{"start":{"line":1,"column":23},"end":{"line":1,"column":24}},"loc":{"start":{"line":1,"column":34},"end":{"line":22,"column":1}},"line":1},"1":{"name":"(anonymous_1)","decl":{"start":{"line":27,"column":34},"end":{"line":27,"column":35}},"loc":{"start":{"line":27,"column":53},"end":{"line":38,"column":1}},"line":27},"2":{"name":"(anonymous_2)","decl":{"start":{"line":28,"column":9},"end":{"line":28,"column":10}},"loc":{"start":{"line":28,"column":20},"end":{"line":37,"column":3}},"line":28}},"branchMap":{},"s":{"0":1,"1":0,"2":0,"3":1,"4":1,"5":0},"f":{"0":0,"1":1,"2":0},"b":{},"_coverageSchema":"1a1c01bbd47fc00a2c39e90264f33305004495a9","hash":"a29b1f2eada5651f86efd1dccba4edb6fc822256"}
,"C:\\Users\\Yash\\OneDrive\\Desktop\\Cravory\\src\\components\\RestaurantCategory.jsx": {"path":"C:\\Users\\Yash\\OneDrive\\Desktop\\Cravory\\src\\components\\RestaurantCategory.jsx","statementMap":{"0":{"start":{"line":4,"column":27},"end":{"line":39,"column":1}},"1":{"start":{"line":5,"column":19},"end":{"line":5,"column":32}},"2":{"start":{"line":7,"column":24},"end":{"line":10,"column":3}},"3":{"start":{"line":8,"column":4},"end":{"line":8,"column":29}},"4":{"start":{"line":9,"column":4},"end":{"line":9,"column":22}},"5":{"start":{"line":11,"column":2},"end":{"line":38,"column":4}},"6":{"start":{"line":32,"column":25},"end":{"line":32,"column":44}}},"fnMap":{"0":{"name":"(anonymous_0)","decl":{"start":{"line":4,"column":27},"end":{"line":4,"column":28}},"loc":{"start":{"line":4,"column":41},"end":{"line":39,"column":1}},"line":4},"1":{"name":"(anonymous_1)","decl":{"start":{"line":7,"column":24},"end":{"line":7,"column":25}},"loc":{"start":{"line":7,"column":34},"end":{"line":10,"column":3}},"line":7},"2":{"name":"(anonymous_2)","decl":{"start":{"line":32,"column":19},"end":{"line":32,"column":20}},"loc":{"start":{"line":32,"column":25},"end":{"line":32,"column":44}},"line":32}},"branchMap":{},"s":{"0":1,"1":29,"2":29,"3":2,"4":2,"5":29,"6":2},"f":{"0":29,"1":2,"2":2},"b":{},"_coverageSchema":"1a1c01bbd47fc00a2c39e90264f33305004495a9","hash":"0bff56aafbebb1450bb6b623e6ca7b1cdae76e73"}
,"C:\\Users\\Yash\\OneDrive\\Desktop\\Cravory\\src\\components\\RestaurantMenu.jsx": {"path":"C:\\Users\\Yash\\OneDrive\\Desktop\\Cravory\\src\\components\\RestaurantMenu.jsx","statementMap":{"0":{"start":{"line":6,"column":27},"end":{"line":36,"column":1}},"1":{"start":{"line":7,"column":21},"end":{"line":7,"column":30}},"2":{"start":{"line":9,"column":2},"end":{"line":9,"column":25}},"3":{"start":{"line":11,"column":2},"end":{"line":35,"column":4}},"4":{"start":{"line":18,"column":10},"end":{"line":18,"column":68}}},"fnMap":{"0":{"name":"(anonymous_0)","decl":{"start":{"line":6,"column":27},"end":{"line":6,"column":28}},"loc":{"start":{"line":6,"column":33},"end":{"line":36,"column":1}},"line":6},"1":{"name":"(anonymous_1)","decl":{"start":{"line":17,"column":24},"end":{"line":17,"column":25}},"loc":{"start":{"line":18,"column":10},"end":{"line":18,"column":68}},"line":18}},"branchMap":{},"s":{"0":1,"1":1,"2":1,"3":1,"4":29},"f":{"0":1,"1":29},"b":{},"_coverageSchema":"1a1c01bbd47fc00a2c39e90264f33305004495a9","hash":"44adbff93c72d8cf12757de0804006dbb9931efe"}
,"C:\\Users\\Yash\\OneDrive\\Desktop\\Cravory\\src\\components\\Shimmer.jsx": {"path":"C:\\Users\\Yash\\OneDrive\\Desktop\\Cravory\\src\\components\\Shimmer.jsx","statementMap":{"0":{"start":{"line":3,"column":16},"end":{"line":31,"column":1}},"1":{"start":{"line":4,"column":2},"end":{"line":30,"column":3}}},"fnMap":{"0":{"name":"(anonymous_0)","decl":{"start":{"line":3,"column":16},"end":{"line":3,"column":17}},"loc":{"start":{"line":3,"column":22},"end":{"line":31,"column":1}},"line":3}},"branchMap":{},"s":{"0":1,"1":1},"f":{"0":1},"b":{},"_coverageSchema":"1a1c01bbd47fc00a2c39e90264f33305004495a9","hash":"fc4ac06a4203aca07ff5b5376c92e6ec436773b1"}
,"C:\\Users\\Yash\\OneDrive\\Desktop\\Cravory\\src\\components\\User.jsx": {"path":"C:\\Users\\Yash\\OneDrive\\Desktop\\Cravory\\src\\components\\User.jsx","statementMap":{},"fnMap":{},"branchMap":{},"s":{},"f":{},"b":{},"_coverageSchema":"1a1c01bbd47fc00a2c39e90264f33305004495a9","hash":"63c2d69d64ab5d447cbae4a371aee37663c8981f"}
,"C:\\Users\\Yash\\OneDrive\\Desktop\\Cravory\\src\\components\\UserClass.jsx": {"path":"C:\\Users\\Yash\\OneDrive\\Desktop\\Cravory\\src\\components\\UserClass.jsx","statementMap":{"0":{"start":{"line":4,"column":4},"end":{"line":4,"column":17}},"1":{"start":{"line":6,"column":4},"end":{"line":13,"column":6}},"2":{"start":{"line":18,"column":4},"end":{"line":18,"column":48}},"3":{"start":{"line":22,"column":17},"end":{"line":22,"column":75}},"4":{"start":{"line":24,"column":17},"end":{"line":24,"column":34}},"5":{"start":{"line":26,"column":4},"end":{"line":26,"column":22}},"6":{"start":{"line":28,"column":4},"end":{"line":30,"column":7}},"7":{"start":{"line":34,"column":42},"end":{"line":34,"column":61}},"8":{"start":{"line":36,"column":4},"end":{"line":45,"column":6}}},"fnMap":{"0":{"name":"(anonymous_0)","decl":{"start":{"line":3,"column":2},"end":{"line":3,"column":3}},"loc":{"start":{"line":3,"column":21},"end":{"line":14,"column":3}},"line":3},"1":{"name":"(anonymous_1)","decl":{"start":{"line":16,"column":2},"end":{"line":16,"column":3}},"loc":{"start":{"line":16,"column":22},"end":{"line":19,"column":3}},"line":16},"2":{"name":"(anonymous_2)","decl":{"start":{"line":21,"column":2},"end":{"line":21,"column":3}},"loc":{"start":{"line":21,"column":28},"end":{"line":31,"column":3}},"line":21},"3":{"name":"(anonymous_3)","decl":{"start":{"line":33,"column":2},"end":{"line":33,"column":3}},"loc":{"start":{"line":33,"column":11},"end":{"line":46,"column":3}},"line":33}},"branchMap":{},"s":{"0":0,"1":0,"2":0,"3":0,"4":0,"5":0,"6":0,"7":0,"8":0},"f":{"0":0,"1":0,"2":0,"3":0},"b":{},"_coverageSchema":"1a1c01bbd47fc00a2c39e90264f33305004495a9","hash":"3d30244b0ad7c84b91f92bcbf9473cef18ad4726"}
,"C:\\Users\\Yash\\OneDrive\\Desktop\\Cravory\\src\\components\\sum.js": {"path":"C:\\Users\\Yash\\OneDrive\\Desktop\\Cravory\\src\\components\\sum.js","statementMap":{"0":{"start":{"line":1,"column":19},"end":{"line":3,"column":1}},"1":{"start":{"line":2,"column":4},"end":{"line":2,"column":15}}},"fnMap":{"0":{"name":"(anonymous_0)","decl":{"start":{"line":1,"column":19},"end":{"line":1,"column":20}},"loc":{"start":{"line":1,"column":28},"end":{"line":3,"column":1}},"line":1}},"branchMap":{},"s":{"0":1,"1":1},"f":{"0":1},"b":{},"_coverageSchema":"1a1c01bbd47fc00a2c39e90264f33305004495a9","hash":"a3de57675646621cf49585ff0aa9486f6df95622"}
,"C:\\Users\\Yash\\OneDrive\\Desktop\\Cravory\\src\\utils\\UserContext.jsx": {"path":"C:\\Users\\Yash\\OneDrive\\Desktop\\Cravory\\src\\utils\\UserContext.jsx","statementMap":{"0":{"start":{"line":3,"column":20},"end":{"line":6,"column":2}}},"fnMap":{},"branchMap":{},"s":{"0":3},"f":{},"b":{},"_coverageSchema":"1a1c01bbd47fc00a2c39e90264f33305004495a9","hash":"289be6f7dcc45ff360cb6a60076064dc83ff2273"}
,"C:\\Users\\Yash\\OneDrive\\Desktop\\Cravory\\src\\utils\\appStore.js": {"path":"C:\\Users\\Yash\\OneDrive\\Desktop\\Cravory\\src\\utils\\appStore.js","statementMap":{"0":{"start":{"line":4,"column":17},"end":{"line":8,"column":2}}},"fnMap":{},"branchMap":{},"s":{"0":2},"f":{},"b":{},"_coverageSchema":"1a1c01bbd47fc00a2c39e90264f33305004495a9","hash":"b9c7e192f37b96a0b23d1fe6fcb4ec5794371792"}
,"C:\\Users\\Yash\\OneDrive\\Desktop\\Cravory\\src\\utils\\cartSlice.js": {"path":"C:\\Users\\Yash\\OneDrive\\Desktop\\Cravory\\src\\utils\\cartSlice.js","statementMap":{"0":{"start":{"line":3,"column":18},"end":{"line":19,"column":2}},"1":{"start":{"line":10,"column":6},"end":{"line":10,"column":39}},"2":{"start":{"line":13,"column":6},"end":{"line":13,"column":24}},"3":{"start":{"line":16,"column":6},"end":{"line":16,"column":29}},"4":{"start":{"line":20,"column":51},"end":{"line":20,"column":68}}},"fnMap":{"0":{"name":"(anonymous_0)","decl":{"start":{"line":9,"column":14},"end":{"line":9,"column":15}},"loc":{"start":{"line":9,"column":33},"end":{"line":11,"column":5}},"line":9},"1":{"name":"(anonymous_1)","decl":{"start":{"line":12,"column":16},"end":{"line":12,"column":17}},"loc":{"start":{"line":12,"column":35},"end":{"line":14,"column":5}},"line":12},"2":{"name":"(anonymous_2)","decl":{"start":{"line":15,"column":15},"end":{"line":15,"column":16}},"loc":{"start":{"line":15,"column":34},"end":{"line":17,"column":5}},"line":15}},"branchMap":{},"s":{"0":2,"1":2,"2":0,"3":0,"4":2},"f":{"0":2,"1":0,"2":0},"b":{},"_coverageSchema":"1a1c01bbd47fc00a2c39e90264f33305004495a9","hash":"2412fd96ca2a804874a4349c723abb5ad3698c1d"}
,"C:\\Users\\Yash\\OneDrive\\Desktop\\Cravory\\src\\utils\\constant.js": {"path":"C:\\Users\\Yash\\OneDrive\\Desktop\\Cravory\\src\\utils\\constant.js","statementMap":{"0":{"start":{"line":1,"column":24},"end":{"line":1,"column":151}},"1":{"start":{"line":4,"column":2},"end":{"line":4,"column":161}},"2":{"start":{"line":7,"column":2},"end":{"line":7,"column":93}}},"fnMap":{},"branchMap":{},"s":{"0":2,"1":2,"2":2},"f":{},"b":{},"_coverageSchema":"1a1c01bbd47fc00a2c39e90264f33305004495a9","hash":"3d4d435efcd0120a42150201fcd91d25da8cab62"}
,"C:\\Users\\Yash\\OneDrive\\Desktop\\Cravory\\src\\utils\\useOnlineStatus.jsx": {"path":"C:\\Users\\Yash\\OneDrive\\Desktop\\Cravory\\src\\utils\\useOnlineStatus.jsx","statementMap":{"0":{"start":{"line":3,"column":24},"end":{"line":20,"column":1}},"1":{"start":{"line":4,"column":42},"end":{"line":4,"column":56}},"2":{"start":{"line":8,"column":2},"end":{"line":17,"column":9}},"3":{"start":{"line":9,"column":4},"end":{"line":11,"column":7}},"4":{"start":{"line":10,"column":6},"end":{"line":10,"column":29}},"5":{"start":{"line":12,"column":4},"end":{"line":14,"column":7}},"6":{"start":{"line":13,"column":6},"end":{"line":13,"column":28}},"7":{"start":{"line":19,"column":2},"end":{"line":19,"column":22}}},"fnMap":{"0":{"name":"(anonymous_0)","decl":{"start":{"line":3,"column":24},"end":{"line":3,"column":25}},"loc":{"start":{"line":3,"column":30},"end":{"line":20,"column":1}},"line":3},"1":{"name":"(anonymous_1)","decl":{"start":{"line":8,"column":12},"end":{"line":8,"column":13}},"loc":{"start":{"line":8,"column":18},"end":{"line":17,"column":3}},"line":8},"2":{"name":"(anonymous_2)","decl":{"start":{"line":9,"column":39},"end":{"line":9,"column":40}},"loc":{"start":{"line":9,"column":51},"end":{"line":11,"column":5}},"line":9},"3":{"name":"(anonymous_3)","decl":{"start":{"line":12,"column":38},"end":{"line":12,"column":39}},"loc":{"start":{"line":12,"column":50},"end":{"line":14,"column":5}},"line":12}},"branchMap":{},"s":{"0":3,"1":9,"2":9,"3":6,"4":0,"5":6,"6":0,"7":9},"f":{"0":9,"1":6,"2":0,"3":0},"b":{},"_coverageSchema":"1a1c01bbd47fc00a2c39e90264f33305004495a9","hash":"1f137eae697439f3b299abdab0bc532d7bf2550a"}
}
