TN:
SF:API file\restList.js
FNF:0
FNH:0
DA:1,1
LF:1
LH:1
BRF:0
BRH:0
end_of_record
TN:
SF:API file\shuffledResList.js
FNF:0
FNH:0
DA:1,1
LF:1
LH:1
BRF:0
BRH:0
end_of_record
TN:
SF:src\components\About.jsx
FN:5,(anonymous_0)
FNF:1
FNH:0
FNDA:0,(anonymous_0)
DA:5,1
DA:6,0
LF:2
LH:1
BRF:0
BRH:0
end_of_record
TN:
SF:src\components\Body.jsx
FN:11,(anonymous_0)
FN:25,(anonymous_1)
FN:26,(anonymous_2)
FN:33,(anonymous_3)
FN:76,(anonymous_4)
FN:80,(anonymous_5)
FN:83,(anonymous_6)
FN:97,(anonymous_7)
FN:99,(anonymous_8)
FN:113,(anonymous_9)
FN:125,(anonymous_10)
FNF:11
FNH:3
FNDA:1,(anonymous_0)
FNDA:1,(anonymous_1)
FNDA:0,(anonymous_2)
FNDA:1,(anonymous_3)
FNDA:0,(anonymous_4)
FNDA:0,(anonymous_5)
FNDA:0,(anonymous_6)
FNDA:0,(anonymous_7)
FNDA:0,(anonymous_8)
FNDA:0,(anonymous_9)
FNDA:0,(anonymous_10)
DA:11,1
DA:13,1
DA:16,1
DA:19,1
DA:22,1
DA:25,1
DA:26,1
DA:28,0
DA:29,0
DA:33,1
DA:38,1
DA:40,1
DA:41,0
DA:58,1
DA:60,1
DA:61,1
DA:64,0
DA:76,0
DA:82,0
DA:84,0
DA:87,0
DA:99,0
DA:100,0
DA:101,0
DA:113,0
DA:126,0
LF:26
LH:13
BRDA:40,0,0,0
BRDA:40,0,1,1
BRDA:60,1,0,1
BRDA:60,1,1,0
BRDA:84,2,0,0
BRDA:84,2,1,0
BRDA:129,3,0,0
BRDA:129,3,1,0
BRDA:133,4,0,0
BRDA:133,4,1,0
BRDA:147,5,0,0
BRDA:147,5,1,0
BRF:12
BRH:2
end_of_record
TN:
SF:src\components\Contact.jsx
FN:1,(anonymous_0)
FNF:1
FNH:1
FNDA:2,(anonymous_0)
DA:1,1
DA:2,2
LF:2
LH:2
BRF:0
BRH:0
end_of_record
TN:
SF:src\components\Header.jsx
FN:9,(anonymous_0)
FN:12,(anonymous_1)
FN:49,(anonymous_2)
FNF:3
FNH:3
FNDA:5,(anonymous_0)
FNDA:9,(anonymous_1)
FNDA:1,(anonymous_2)
DA:9,1
DA:10,5
DA:11,5
DA:12,9
DA:14,5
DA:16,5
DA:50,1
LF:7
LH:7
BRDA:30,0,0,5
BRDA:30,0,1,0
BRDA:50,1,0,1
BRDA:50,1,1,0
BRF:4
BRH:2
end_of_record
TN:
SF:src\components\RestaurantCard.jsx
FN:1,(anonymous_0)
FN:27,(anonymous_1)
FN:28,(anonymous_2)
FNF:3
FNH:1
FNDA:0,(anonymous_0)
FNDA:1,(anonymous_1)
FNDA:0,(anonymous_2)
DA:1,1
DA:2,0
DA:6,0
DA:27,1
DA:28,1
DA:29,0
LF:6
LH:3
BRF:0
BRH:0
end_of_record
TN:
SF:src\components\Shimmer.jsx
FN:3,(anonymous_0)
FNF:1
FNH:1
FNDA:1,(anonymous_0)
DA:3,1
DA:4,1
LF:2
LH:2
BRF:0
BRH:0
end_of_record
TN:
SF:src\components\User.jsx
FNF:0
FNH:0
LF:0
LH:0
BRF:0
BRH:0
end_of_record
TN:
SF:src\components\UserClass.jsx
FN:3,(anonymous_0)
FN:16,(anonymous_1)
FN:21,(anonymous_2)
FN:33,(anonymous_3)
FNF:4
FNH:0
FNDA:0,(anonymous_0)
FNDA:0,(anonymous_1)
FNDA:0,(anonymous_2)
FNDA:0,(anonymous_3)
DA:4,0
DA:6,0
DA:18,0
DA:22,0
DA:24,0
DA:26,0
DA:28,0
DA:34,0
DA:36,0
LF:9
LH:0
BRF:0
BRH:0
end_of_record
TN:
SF:src\components\sum.js
FN:1,(anonymous_0)
FNF:1
FNH:1
FNDA:1,(anonymous_0)
DA:1,1
DA:2,1
LF:2
LH:2
BRF:0
BRH:0
end_of_record
TN:
SF:src\utils\UserContext.jsx
FNF:0
FNH:0
DA:3,2
LF:1
LH:1
BRF:0
BRH:0
end_of_record
TN:
SF:src\utils\appStore.js
FNF:0
FNH:0
DA:4,1
LF:1
LH:1
BRF:0
BRH:0
end_of_record
TN:
SF:src\utils\cartSlice.js
FN:9,(anonymous_0)
FN:12,(anonymous_1)
FN:15,(anonymous_2)
FNF:3
FNH:0
FNDA:0,(anonymous_0)
FNDA:0,(anonymous_1)
FNDA:0,(anonymous_2)
DA:3,1
DA:10,0
DA:13,0
DA:16,0
DA:20,1
LF:5
LH:2
BRF:0
BRH:0
end_of_record
TN:
SF:src\utils\constant.js
FNF:0
FNH:0
DA:1,1
DA:4,1
DA:7,1
LF:3
LH:3
BRF:0
BRH:0
end_of_record
TN:
SF:src\utils\useOnlineStatus.jsx
FN:3,(anonymous_0)
FN:8,(anonymous_1)
FN:9,(anonymous_2)
FN:12,(anonymous_3)
FNF:4
FNH:2
FNDA:6,(anonymous_0)
FNDA:5,(anonymous_1)
FNDA:0,(anonymous_2)
FNDA:0,(anonymous_3)
DA:3,2
DA:4,6
DA:8,6
DA:9,5
DA:10,0
DA:12,5
DA:13,0
DA:19,6
LF:8
LH:6
BRF:0
BRH:0
end_of_record
